fandango:INFO: ---------- Parsing FANDANGO content ----------
fandango:INFO: File mode: text
fandango:WARNING: Fandango IO will only return a single solution for now, manually set with -n 1 to hide this warning
fandango:INFO: ---------- Initializing base population ----------
fandango:INFO: ---------- Initializing FANDANGO algorithm ---------- 
fandango:INFO: ---------- Done initializing base population ----------
fandango:INFO: ---------- Generating  for 500 generations----------
fandango:INFO: Generating (additional) initial population (size: 100)...
fandango:WARNING: Could not generate a full population of unique individuals. Population size reduced to 1.
fandango:INFO: Initial population generated in 0.01 seconds
fandango:INFO: Current coverage: 0.25%
fandango:INFO: ServerA: <response_setup> '220 8068b11e7f47 ESMTP OpenSMTPD\r\n'
fandango:INFO: Current coverage: 2.49%
fandango:INFO: ClientA: <request_ehlo> 'EHLO localhost\r\n'
fandango:INFO: Current coverage: 4.24%
fandango:INFO: ServerA: <response_ehlo> '250-8068b11e7f47 Hello localhost [127.0.0.1], pleased to meet you\r\n250-8BITMIME\r\n250-ENHANCEDSTATUSCODES\r\n250-SIZE 36700160\r\n250-DSN\r\n250-AUTH PLAIN LOGIN\r\n250 HELP\r\n'
fandango:INFO: Current coverage: 5.99%
fandango:INFO: ClientA: <request_auth> 'AUTH LOGIN\r\n'
fandango:INFO: Current coverage: 10.22%
fandango:INFO: ServerA: <response_auth_expect_user> '334 VXNlcm5hbWU6\r\n'
fandango:INFO: Current coverage: 12.72%
fandango:INFO: ClientA: <request_auth_user> 'dGhlX3VzZXI=\r\n'
fandango:INFO: Current coverage: 15.21%
fandango:INFO: ServerA: <response_auth_expect_pass> '334 UGFzc3dvcmQ6\r\n'
fandango:INFO: Current coverage: 17.71%
fandango:INFO: ClientA: <request_auth_pass> 'dGhlX3Bhc3N3b3Jk\r\n'
fandango:INFO: Current coverage: 20.20%
fandango:INFO: ServerA: <response_auth_success> '235 2.0.0 Authentication succeeded\r\n'
fandango:INFO: Current coverage: 22.69%
fandango:INFO: ClientA: <request_mail_from> 'MAIL FROM:<sender@example.com>\r\n'
fandango:INFO: Current coverage: 27.68%
fandango:INFO: ServerA: <response_mail_from> '250 2.0.0 Ok\r\n'
fandango:INFO: Current coverage: 30.17%
fandango:INFO: ClientA: <request_rcpt_to_1> 'RCPT TO:<recipient1@example.com>\r\n'
fandango:INFO: Current coverage: 33.92%
fandango:INFO: ServerA: <response_rcpt_to> '250 2.1.5 Destination address valid: Recipient ok\r\n'
fandango:INFO: Current coverage: 36.16%
fandango:INFO: ClientA: <request_rcpt_to_2> 'RCPT TO:<recipient2@example.com>\r\n'
fandango:INFO: Current coverage: 38.65%
fandango:INFO: ServerA: <response_rcpt_to> '250 2.1.5 Destination address valid: Recipient ok\r\n'
fandango:INFO: Current coverage: 38.65%
fandango:INFO: ClientA: <request_rcpt_to_3> 'RCPT TO:<recipient3@example.com>\r\n'
fandango:INFO: Current coverage: 41.15%
fandango:INFO: ServerA: <response_rcpt_to> '250 2.1.5 Destination address valid: Recipient ok\r\n'
fandango:INFO: Current coverage: 41.15%
fandango:INFO: ClientA: <request_data> 'DATA\r\n'
fandango:INFO: Current coverage: 43.64%
fandango:INFO: ServerA: <response_data> '354 Enter mail, end with "." on a line by itself\r\n'
fandango:INFO: Current coverage: 46.13%
fandango:INFO: ClientA: <email_content> 'From: sender@example.com\r\nTo: recipient1@example.com, recipient2@example.com, recipient3@example.com\r\nSubject: Test Email\r\n\r\nThis is a test email to multiple recipients.\r\n.\r\n'
fandango:INFO: Current coverage: 48.63%
fandango:INFO: ServerA: <response_email_sent> '250 2.0.0 114a8c62 Message accepted for delivery\r\n'
fandango:INFO: Current coverage: 50.87%
fandango:INFO: ClientA: <request_quit> 'QUIT\r\n'
fandango:INFO: Current coverage: 54.61%
fandango:INFO: ServerA: <response_quit> '221 2.0.0 Bye\r\n'
fandango:INFO: Current coverage: 57.11%
fandango:INFO: StdOut: <ChangeConnection> 'Stopping connection 1 and starting connection 2'
fandango:INFO: Current coverage: 58.35%
fandango:INFO: ServerB: <response_setup> '220 40d1bfae27f7 ESMTP OpenSMTPD\r\n'
fandango:INFO: Current coverage: 59.85%
fandango:INFO: ClientB: <request_ehlo> 'EHLO localhost\r\n'
fandango:INFO: Current coverage: 60.85%
fandango:INFO: ServerB: <response_ehlo> '250-40d1bfae27f7 Hello localhost [127.0.0.1], pleased to meet you\r\n250-8BITMIME\r\n250-ENHANCEDSTATUSCODES\r\n250-SIZE 36700160\r\n250-DSN\r\n250-AUTH PLAIN LOGIN\r\n250 HELP\r\n'
fandango:INFO: Current coverage: 61.85%
fandango:INFO: ClientB: <request_auth> 'AUTH LOGIN\r\n'
fandango:INFO: Current coverage: 65.34%
fandango:INFO: ServerB: <response_auth_expect_user> '334 VXNlcm5hbWU6\r\n'
fandango:INFO: Current coverage: 67.08%
fandango:INFO: ClientB: <request_auth_user> 'dGhlX3VzZXI=\r\n'
fandango:INFO: Current coverage: 68.83%
fandango:INFO: ServerB: <response_auth_expect_pass> '334 UGFzc3dvcmQ6\r\n'
fandango:INFO: Current coverage: 70.57%
fandango:INFO: ClientB: <request_auth_pass> 'dGhlX3Bhc3N3b3Jk\r\n'
fandango:INFO: Current coverage: 72.32%
fandango:INFO: ServerB: <response_auth_success> '235 2.0.0 Authentication succeeded\r\n'
fandango:INFO: Current coverage: 74.06%
fandango:INFO: ClientB: <request_mail_from> 'MAIL FROM:<sender@example.com>\r\n'
fandango:INFO: Current coverage: 78.30%
fandango:INFO: ServerB: <response_mail_from> '250 2.0.0 Ok\r\n'
fandango:INFO: Current coverage: 80.05%
fandango:INFO: ClientB: <request_rcpt_to_1> 'RCPT TO:<recipient1@example.com>\r\n'
fandango:INFO: Current coverage: 83.04%
fandango:INFO: ServerB: <response_rcpt_to> '250 2.1.5 Destination address valid: Recipient ok\r\n'
fandango:INFO: Current coverage: 84.79%
fandango:INFO: ClientB: <request_rcpt_to_2> 'RCPT TO:<recipient2@example.com>\r\n'
fandango:INFO: Current coverage: 86.53%
fandango:INFO: ServerB: <response_rcpt_to> '250 2.1.5 Destination address valid: Recipient ok\r\n'
fandango:INFO: Current coverage: 86.53%
fandango:INFO: ClientB: <request_rcpt_to_3> 'RCPT TO:<recipient3@example.com>\r\n'
fandango:INFO: Current coverage: 88.28%
fandango:INFO: ServerB: <response_rcpt_to> '250 2.1.5 Destination address valid: Recipient ok\r\n'
fandango:INFO: Current coverage: 88.28%
fandango:INFO: ClientB: <request_data> 'DATA\r\n'
fandango:INFO: Current coverage: 90.02%
fandango:INFO: ServerB: <response_data> '354 Enter mail, end with "." on a line by itself\r\n'
fandango:INFO: Current coverage: 91.77%
fandango:INFO: ClientB: <email_content> 'From: sender@example.com\r\nTo: recipient1@example.com, recipient2@example.com, recipient3@example.com\r\nSubject: Test Email\r\n\r\nThis is a test email to multiple recipients.\r\n.\r\n'
fandango:INFO: Current coverage: 93.52%
fandango:INFO: ServerB: <response_email_sent> '250 2.0.0 073e7b96 Message accepted for delivery\r\n'
fandango:INFO: Current coverage: 95.26%
fandango:INFO: ClientB: <request_quit> 'QUIT\r\n'
fandango:INFO: Current coverage: 98.25%
fandango:INFO: ServerB: <response_quit> '221 2.0.0 Bye\r\n'
fandango:INFO: Current coverage: 100.00%
Stopping connection 1 and starting connection 2