 ---------------------------------Curernt run: 1, Total grammers: 4 --------------------------------
-------------------------------------------------------------
-------------------------------------------------------------
Running Fandango with grammar: /Users/i7949486/Downloads/docker/metamorphic-testing/mt-smtp/temp/tmp0dyfchvi.fan
fandango:INFO: ---------- Initializing FANDANGO algorithm ---------- 
fandango:INFO: Generating (additional) initial population (size: 100)...
fandango:WARNING: Could not generate a full population of unique individuals. Population size reduced to 1.
fandango:INFO: Initial population generated in 0.01 seconds
fandango:INFO: Current coverage: 0.39%
fandango:INFO: ServerA: <response_setup> '220 8068b11e7f47 ESMTP OpenSMTPD\r\n'
fandango:INFO: Current coverage: 1.18%
fandango:INFO: ClientA: <request_ehlo> 'EHLO localhost\r\n'
fandango:INFO: Current coverage: 3.94%
fandango:INFO: ServerA: <response_ehlo> '250-8068b11e7f47 Hello localhost [127.0.0.1], pleased to meet you\r\n250-8BITMIME\r\n250-ENHANCEDSTATUSCODES\r\n250-SIZE 36700160\r\n250-DSN\r\n250-AUTH PLAIN LOGIN\r\n250 HELP\r\n'
fandango:INFO: Current coverage: 3.94%
fandango:INFO: ClientA: <request_auth> 'AUTH LOGIN\r\n'
fandango:INFO: Current coverage: 10.63%
fandango:INFO: ServerA: <response_auth_expect_user> '334 VXNlcm5hbWU6\r\n'
fandango:INFO: Current coverage: 10.63%
fandango:INFO: ClientA: <request_auth_user> 'dGhlX3VzZXI=\r\n'
fandango:INFO: Current coverage: 14.57%
fandango:INFO: ServerA: <response_auth_expect_pass> '334 UGFzc3dvcmQ6\r\n'
fandango:INFO: Current coverage: 14.57%
fandango:INFO: ClientA: <request_auth_pass> 'dGhlX3Bhc3N3b3Jk\r\n'
fandango:INFO: Current coverage: 18.50%
fandango:INFO: ServerA: <response_auth_success> '235 2.0.0 Authentication succeeded\r\n'
fandango:INFO: Current coverage: 18.50%
fandango:INFO: ClientA: <request_mail_from> 'MAIL FROM:<sender@example.com>\r\n'
fandango:INFO: Current coverage: 26.38%
fandango:INFO: ServerA: <response_mail_from> '250 2.0.0 Ok\r\n'
fandango:INFO: Current coverage: 26.38%
fandango:INFO: ClientA: <request_rcpt_to_1> 'RCPT TO:<recipient2@example.com>\r\n'
fandango:INFO: Current coverage: 32.28%
fandango:INFO: ServerA: <response_rcpt_to> '250 2.1.5 Destination address valid: Recipient ok\r\n'
fandango:INFO: Current coverage: 32.28%
fandango:INFO: ClientA: <request_rcpt_to_2> 'RCPT TO:<recipient3@example.com>\r\n'
fandango:INFO: Current coverage: 36.22%
fandango:INFO: ServerA: <response_rcpt_to> '250 2.1.5 Destination address valid: Recipient ok\r\n'
fandango:INFO: Current coverage: 36.22%
fandango:INFO: ClientA: <request_rcpt_to_3> 'RCPT TO:<recipient2@example.com>\r\n'
fandango:INFO: Current coverage: 39.76%
fandango:INFO: ServerA: <response_rcpt_to> '250 2.1.5 Destination address valid: Recipient ok\r\n'
fandango:INFO: Current coverage: 39.76%
fandango:INFO: ClientA: <request_data> 'DATA\r\n'
fandango:INFO: Current coverage: 43.70%
fandango:INFO: ServerA: <response_data> '354 Enter mail, end with "." on a line by itself\r\n'
fandango:INFO: Current coverage: 43.70%
fandango:INFO: ClientA: <email_content> 'Subject: Test Email\r\n\r\nThis is a test email to multiple recipients.\r\n.\r\n'
fandango:INFO: Current coverage: 47.64%
fandango:INFO: ServerA: <response_emailA_sent> '250 2.0.0 b2bee5e9 Message accepted for delivery\r\n'
fandango:INFO: Current coverage: 47.64%
fandango:INFO: ClientA: <request_quit> 'QUIT\r\n'
fandango:INFO: Current coverage: 53.54%
fandango:INFO: ServerA: <response_quit> '221 2.0.0 Bye\r\n'
fandango:INFO: Current coverage: 53.54%
changing connection
fandango:INFO: DummyParty: <change_conn> 'changing connection\r\n'
fandango:INFO: Current coverage: 57.09%
fandango:INFO: ServerB: <response_setup> '220 40d1bfae27f7 ESMTP OpenSMTPD\r\n'
fandango:INFO: Current coverage: 57.87%
fandango:INFO: ClientB: <request_ehlo> 'EHLO localhost\r\n'
fandango:INFO: Current coverage: 59.45%
fandango:INFO: ServerB: <response_ehlo> '250-40d1bfae27f7 Hello localhost [127.0.0.1], pleased to meet you\r\n250-8BITMIME\r\n250-ENHANCEDSTATUSCODES\r\n250-SIZE 36700160\r\n250-DSN\r\n250-AUTH PLAIN LOGIN\r\n250 HELP\r\n'
fandango:INFO: Current coverage: 59.45%
fandango:INFO: ClientB: <request_auth> 'AUTH LOGIN\r\n'
fandango:INFO: Current coverage: 64.96%
fandango:INFO: ServerB: <response_auth_expect_user> '334 VXNlcm5hbWU6\r\n'
fandango:INFO: Current coverage: 64.96%
fandango:INFO: ClientB: <request_auth_user> 'dGhlX3VzZXI=\r\n'
fandango:INFO: Current coverage: 67.72%
fandango:INFO: ServerB: <response_auth_expect_pass> '334 UGFzc3dvcmQ6\r\n'
fandango:INFO: Current coverage: 67.72%
fandango:INFO: ClientB: <request_auth_pass> 'dGhlX3Bhc3N3b3Jk\r\n'
fandango:INFO: Current coverage: 70.47%
fandango:INFO: ServerB: <response_auth_success> '235 2.0.0 Authentication succeeded\r\n'
fandango:INFO: Current coverage: 70.47%
fandango:INFO: ClientB: <request_mail_from> 'MAIL FROM:<sender@example.com>\r\n'
fandango:INFO: Current coverage: 77.17%
fandango:INFO: ServerB: <response_mail_from> '250 2.0.0 Ok\r\n'
fandango:INFO: Current coverage: 77.17%
fandango:INFO: ClientB: <request_rcpt_to_4> 'RCPT TO:<recipient3@example.com>\r\n'
fandango:INFO: Current coverage: 82.68%
fandango:INFO: ServerB: <response_rcpt_to> '250 2.1.5 Destination address valid: Recipient ok\r\n'
fandango:INFO: Current coverage: 82.68%
fandango:INFO: ClientB: <request_rcpt_to_5> 'RCPT TO:<recipient2@example.com>\r\n'
fandango:INFO: Current coverage: 86.22%
fandango:INFO: ServerB: <response_rcpt_to> '250 2.1.5 Destination address valid: Recipient ok\r\n'
fandango:INFO: Current coverage: 86.22%
fandango:INFO: ClientB: <request_rcpt_to_6> 'RCPT TO:<recipient2@example.com>\r\n'
fandango:INFO: Current coverage: 89.76%
fandango:INFO: ServerB: <response_rcpt_to> '250 2.1.5 Destination address valid: Recipient ok\r\n'
fandango:INFO: Current coverage: 89.76%
fandango:INFO: ClientB: <request_data> 'DATA\r\n'
fandango:INFO: Current coverage: 92.52%
fandango:INFO: ServerB: <response_data> '354 Enter mail, end with "." on a line by itself\r\n'
fandango:INFO: Current coverage: 92.52%
fandango:INFO: ClientB: <email_content> 'Subject: Test Email\r\n\r\nThis is a test email to multiple recipients.\r\n.\r\n'
fandango:INFO: Current coverage: 95.28%
fandango:INFO: ServerB: <response_emailB_sent> '250 2.0.0 66721e9a Message accepted for delivery\r\n'
✓Responsesareequivalent:b'250'b'2.0.0'
fandango:INFO: Current coverage: 95.28%
✓Responsesareequivalent:b'250'b'2.0.0'
fandango:INFO: ClientB: <request_quit> 'QUIT\r\n'
fandango:INFO: Current coverage: 100.00%
fandango:INFO: ServerB: <response_quit> '221 2.0.0 Bye\r\n'
✓Responsesareequivalent:b'250'b'2.0.0'
fandango:INFO: Current coverage: 100.00%
220 8068b11e7f47 ESMTP OpenSMTPD
EHLO localhost
250-8068b11e7f47 Hello localhost [127.0.0.1], pleased to meet you
250-8BITMIME
250-ENHANCEDSTATUSCODES
250-SIZE 36700160
250-DSN
250-AUTH PLAIN LOGIN
250 HELP
AUTH LOGIN
334 VXNlcm5hbWU6
dGhlX3VzZXI=
334 UGFzc3dvcmQ6
dGhlX3Bhc3N3b3Jk
235 2.0.0 Authentication succeeded
MAIL FROM:<sender@example.com>
250 2.0.0 Ok
RCPT TO:<recipient2@example.com>
250 2.1.5 Destination address valid: Recipient ok
RCPT TO:<recipient3@example.com>
250 2.1.5 Destination address valid: Recipient ok
RCPT TO:<recipient2@example.com>
250 2.1.5 Destination address valid: Recipient ok
DATA
354 Enter mail, end with "." on a line by itself
Subject: Test Email

This is a test email to multiple recipients.
.
250 2.0.0 b2bee5e9 Message accepted for delivery
QUIT
221 2.0.0 Bye
changing connection
220 40d1bfae27f7 ESMTP OpenSMTPD
EHLO localhost
250-40d1bfae27f7 Hello localhost [127.0.0.1], pleased to meet you
250-8BITMIME
250-ENHANCEDSTATUSCODES
250-SIZE 36700160
250-DSN
250-AUTH PLAIN LOGIN
250 HELP
AUTH LOGIN
334 VXNlcm5hbWU6
dGhlX3VzZXI=
334 UGFzc3dvcmQ6
dGhlX3Bhc3N3b3Jk
235 2.0.0 Authentication succeeded
MAIL FROM:<sender@example.com>
250 2.0.0 Ok
RCPT TO:<recipient3@example.com>
250 2.1.5 Destination address valid: Recipient ok
RCPT TO:<recipient2@example.com>
250 2.1.5 Destination address valid: Recipient ok
RCPT TO:<recipient2@example.com>
250 2.1.5 Destination address valid: Recipient ok
DATA
354 Enter mail, end with "." on a line by itself
Subject: Test Email

This is a test email to multiple recipients.
.
250 2.0.0 66721e9a Message accepted for delivery
QUIT
221 2.0.0 Bye

-------------------------------------------------------------
fandango:INFO: Full coverage reached, stopping evolution.
 ---------------------------------Curernt run: 2, Total grammers: 4 --------------------------------
-------------------------------------------------------------
-------------------------------------------------------------
Running Fandango with grammar: /Users/i7949486/Downloads/docker/metamorphic-testing/mt-smtp/temp/tmpcrb290x0.fan
fandango:INFO: Redefining <start>
fandango:INFO: Redefining <Interation1>
fandango:INFO: Redefining <Interation2>
fandango:INFO: Redefining <ChangeConnection>
fandango:INFO: Redefining <change_conn>
fandango:INFO: Redefining <state_logged_out_A>
fandango:INFO: Redefining <state_logged_out_B>
fandango:INFO: Redefining <state_logged_in_A>
fandango:INFO: Redefining <state_logged_in_B>
fandango:INFO: Redefining <exchange_login_valid_A>
fandango:INFO: Redefining <exchange_send_email_A>
fandango:INFO: Redefining <rcpt_sequence_A>
fandango:INFO: Redefining <exchange_quit_A>
fandango:INFO: Redefining <exchange_login_valid_B>
fandango:INFO: Redefining <exchange_send_email_B>
fandango:INFO: Redefining <rcpt_sequence_B>
fandango:INFO: Redefining <exchange_quit_B>
fandango:INFO: Redefining <request_ehlo>
fandango:INFO: Redefining <response_ehlo>
fandango:INFO: Redefining <response_setup>
fandango:INFO: Redefining <request_auth>
fandango:INFO: Redefining <response_auth_expect_user>
fandango:INFO: Redefining <request_auth_user>
fandango:INFO: Redefining <response_auth_expect_pass>
fandango:INFO: Redefining <request_auth_pass>
fandango:INFO: Redefining <response_auth_success>
fandango:INFO: Redefining <request_mail_from>
fandango:INFO: Redefining <response_mail_from>
fandango:INFO: Redefining <response_rcpt_to>
fandango:INFO: Redefining <request_data>
fandango:INFO: Redefining <response_data>
fandango:INFO: Redefining <email_content>
fandango:INFO: Redefining <response_emailA_sent>
fandango:INFO: Redefining <response_emailB_sent>
fandango:INFO: Redefining <request_quit>
fandango:INFO: Redefining <response_quit>
fandango:INFO: Redefining <request_rcpt_to_1>
fandango:INFO: Redefining <request_rcpt_to_2>
fandango:INFO: Redefining <request_rcpt_to_3>
fandango:INFO: Redefining <request_rcpt_to_4>
fandango:INFO: ---------- Initializing FANDANGO algorithm ---------- 
fandango:INFO: Generating (additional) initial population (size: 100)...
fandango:WARNING: Could not generate a full population of unique individuals. Population size reduced to 1.
fandango:INFO: Initial population generated in 0.01 seconds
fandango:INFO: Current coverage: 0.39%
fandango:INFO: ServerA: <response_setup> '220 8068b11e7f47 ESMTP OpenSMTPD\r\n'
fandango:INFO: Current coverage: 1.18%
fandango:INFO: ClientA: <request_ehlo> 'EHLO localhost\r\n'
fandango:INFO: Current coverage: 3.94%
fandango:INFO: ServerA: <response_ehlo> '250-8068b11e7f47 Hello localhost [127.0.0.1], pleased to meet you\r\n250-8BITMIME\r\n250-ENHANCEDSTATUSCODES\r\n250-SIZE 36700160\r\n250-DSN\r\n250-AUTH PLAIN LOGIN\r\n250 HELP\r\n'
fandango:INFO: Current coverage: 3.94%
fandango:INFO: ClientA: <request_auth> 'AUTH LOGIN\r\n'
fandango:INFO: Current coverage: 10.63%
fandango:INFO: ServerA: <response_auth_expect_user> '334 VXNlcm5hbWU6\r\n'
fandango:INFO: Current coverage: 10.63%
fandango:INFO: ClientA: <request_auth_user> 'dGhlX3VzZXI=\r\n'
fandango:INFO: Current coverage: 14.57%
fandango:INFO: ServerA: <response_auth_expect_pass> '334 UGFzc3dvcmQ6\r\n'
fandango:INFO: Current coverage: 14.57%
fandango:INFO: ClientA: <request_auth_pass> 'dGhlX3Bhc3N3b3Jk\r\n'
fandango:INFO: Current coverage: 18.50%
fandango:INFO: ServerA: <response_auth_success> '235 2.0.0 Authentication succeeded\r\n'
fandango:INFO: Current coverage: 18.50%
fandango:INFO: ClientA: <request_mail_from> 'MAIL FROM:<sender@example.com>\r\n'
fandango:INFO: Current coverage: 26.38%
fandango:INFO: ServerA: <response_mail_from> '250 2.0.0 Ok\r\n'
fandango:INFO: Current coverage: 26.38%
fandango:INFO: ClientA: <request_rcpt_to_1> 'RCPT TO:<recipient1@example.com>\r\n'
fandango:INFO: Current coverage: 30.31%
fandango:INFO: ServerA: <response_rcpt_to> '250 2.1.5 Destination address valid: Recipient ok\r\n'
fandango:INFO: Current coverage: 30.31%
fandango:INFO: ClientA: <request_rcpt_to_2> 'RCPT TO:<recipient3@example.com>\r\n'
fandango:INFO: Current coverage: 34.25%
fandango:INFO: ServerA: <response_rcpt_to> '250 2.1.5 Destination address valid: Recipient ok\r\n'
fandango:INFO: Current coverage: 34.25%
fandango:INFO: ClientA: <request_data> 'DATA\r\n'
fandango:INFO: Current coverage: 38.19%
fandango:INFO: ServerA: <response_data> '354 Enter mail, end with "." on a line by itself\r\n'
fandango:INFO: Current coverage: 38.19%
fandango:INFO: ClientA: <email_content> 'Subject: Test Email\r\n\r\nThis is a test email to multiple recipients.\r\n.\r\n'
fandango:INFO: Current coverage: 42.13%
fandango:INFO: ServerA: <response_emailA_sent> '250 2.0.0 fe1d001a Message accepted for delivery\r\n'
fandango:INFO: Current coverage: 42.13%
fandango:INFO: ClientA: <request_quit> 'QUIT\r\n'
fandango:INFO: Current coverage: 48.03%
fandango:INFO: ServerA: <response_quit> '221 2.0.0 Bye\r\n'
fandango:INFO: Current coverage: 48.03%
changing connection
fandango:INFO: DummyParty: <change_conn> 'changing connection\r\n'
fandango:INFO: Current coverage: 51.57%
fandango:INFO: ServerB: <response_setup> '220 40d1bfae27f7 ESMTP OpenSMTPD\r\n'
fandango:INFO: Current coverage: 52.36%
fandango:INFO: ClientB: <request_ehlo> 'EHLO localhost\r\n'
fandango:INFO: Current coverage: 53.94%
fandango:INFO: ServerB: <response_ehlo> '250-40d1bfae27f7 Hello localhost [127.0.0.1], pleased to meet you\r\n250-8BITMIME\r\n250-ENHANCEDSTATUSCODES\r\n250-SIZE 36700160\r\n250-DSN\r\n250-AUTH PLAIN LOGIN\r\n250 HELP\r\n'
fandango:INFO: Current coverage: 53.94%
fandango:INFO: ClientB: <request_auth> 'AUTH LOGIN\r\n'
fandango:INFO: Current coverage: 59.45%
fandango:INFO: ServerB: <response_auth_expect_user> '334 VXNlcm5hbWU6\r\n'
fandango:INFO: Current coverage: 59.45%
fandango:INFO: ClientB: <request_auth_user> 'dGhlX3VzZXI=\r\n'
fandango:INFO: Current coverage: 62.20%
fandango:INFO: ServerB: <response_auth_expect_pass> '334 UGFzc3dvcmQ6\r\n'
fandango:INFO: Current coverage: 62.20%
fandango:INFO: ClientB: <request_auth_pass> 'dGhlX3Bhc3N3b3Jk\r\n'
fandango:INFO: Current coverage: 64.96%
fandango:INFO: ServerB: <response_auth_success> '235 2.0.0 Authentication succeeded\r\n'
fandango:INFO: Current coverage: 64.96%
fandango:INFO: ClientB: <request_mail_from> 'MAIL FROM:<sender@example.com>\r\n'
fandango:INFO: Current coverage: 71.65%
fandango:INFO: ServerB: <response_mail_from> '250 2.0.0 Ok\r\n'
fandango:INFO: Current coverage: 71.65%
Traceback (most recent call last):
  File "/Users/i7949486/Downloads/docker/metamorphic-testing/mt-smtp/smtp.py", line 152, in <module>
    main()
  File "/Users/i7949486/Downloads/docker/metamorphic-testing/mt-smtp/smtp.py", line 149, in main
    covert_recipients_to_grammar(recps)
  File "/Users/i7949486/Downloads/docker/metamorphic-testing/mt-smtp/smtp.py", line 95, in covert_recipients_to_grammar
    run_fandango(tmp_file_path)
  File "/Users/i7949486/Downloads/docker/metamorphic-testing/mt-smtp/smtp.py", line 117, in run_fandango
    for solution in solutions:
  File "/Users/i7949486/Downloads/docker/fandango/src/fandango/evolution/algorithm.py", line 375, in generate
    yield from self._generate_io(max_generations=max_generations)
  File "/Users/i7949486/Downloads/docker/fandango/src/fandango/evolution/algorithm.py", line 527, in _generate_io
    or self.packet_selector.is_guide_to_end()
       ^^^^^^^^^^^^^^^^^^^^^^^^^^^^^^^^^^^^^^
  File "/Users/i7949486/Downloads/docker/fandango/src/fandango/io/navigation/packetselector.py", line 178, in is_guide_to_end
    self._next_packets = self._select_next_packet()
                         ^^^^^^^^^^^^^^^^^^^^^^^^^^
  File "/Users/i7949486/Downloads/docker/fandango/src/fandango/io/navigation/packetselector.py", line 352, in _select_next_packet
    found_guide_path = self.navigator.astar_tree_including_k_paths(
                       ^^^^^^^^^^^^^^^^^^^^^^^^^^^^^^^^^^^^^^^^^^^^
  File "/Users/i7949486/Downloads/docker/fandango/src/fandango/io/navigation/packetnavigator.py", line 146, in astar_tree_including_k_paths
    path = self.astar_tree_symbols(
           ^^^^^^^^^^^^^^^^^^^^^^^^
  File "/Users/i7949486/Downloads/docker/fandango/src/fandango/io/navigation/packetnavigator.py", line 182, in astar_tree_symbols
    path = self.astar_tree(tree=tree, destination_k_path=destination_k_path)
           ^^^^^^^^^^^^^^^^^^^^^^^^^^^^^^^^^^^^^^^^^^^^^^^^^^^^^^^^^^^^^^^^^
  File "/Users/i7949486/Downloads/docker/fandango/src/fandango/io/navigation/packetnavigator.py", line 171, in astar_tree
    path = super().astar_tree(
           ^^^^^^^^^^^^^^^^^^^
  File "/Users/i7949486/Downloads/docker/fandango/src/fandango/io/navigation/grammarnavigator.py", line 169, in astar_tree
    return self.astar_tree_w_controlflow(
           ^^^^^^^^^^^^^^^^^^^^^^^^^^^^^^
  File "/Users/i7949486/Downloads/docker/fandango/src/fandango/io/navigation/grammarnavigator.py", line 139, in astar_tree_w_controlflow
    raise FandangoError(
fandango.errors.FandangoError: Symbol (NonTerminal(<exchange_send_email_A>), NonTerminal(<rcpt_sequence_A>), NonTerminal(<_packet_request_rcpt_to_3>)) is not reachable in grammar.
